<?xml version="1.0" encoding="UTF-8" ?>
<testsuites>

  <testsuite name="CommandManager" errors="0" tests="6" failures="0" time="0.024" timestamp="2014-10-02T01:12:06.636Z">
    
      <testcase assertions="10" classname="CommandManager" name="register and get a command and validate parameters" time="0.015">
        
      </testcase>
    
      <testcase assertions="1" classname="CommandManager" name="execute a command" time="0.001">
        
      </testcase>
    
      <testcase assertions="1" classname="CommandManager" name="not execute a disabled command" time="0.001">
        
      </testcase>
    
      <testcase assertions="2" classname="CommandManager" name="set enabled state and trigger enabledStateChange" time="0.001">
        
      </testcase>
    
      <testcase assertions="2" classname="CommandManager" name="set checked state and trigger checkedStateChange" time="0.001">
        
      </testcase>
    
      <testcase assertions="2" classname="CommandManager" name="rename command trigger nameChange" time="0.001">
        
      </testcase>
    
  </testsuite>

</testsuites>