<?xml version="1.0" encoding="UTF-8" ?>
<testsuites>

  <testsuite name="ViewUtils" errors="0" tests="0" failures="0" time="" timestamp="">
    
  </testsuite>

  <testsuite name="ViewUtils Scroller Shadows" errors="0" tests="4" failures="0" time="0.023" timestamp="2014-10-01T18:09:55.364Z">
    
      <testcase assertions="3" classname="ViewUtils Scroller Shadows" name="should not show the top shadow when no scrolling is available" time="0.012">
        
      </testcase>
    
      <testcase assertions="4" classname="ViewUtils Scroller Shadows" name="should partially reveal the shadow" time="0.003">
        
      </testcase>
    
      <testcase assertions="1" classname="ViewUtils Scroller Shadows" name="should update shadow position when installed" time="0.002">
        
      </testcase>
    
      <testcase assertions="2" classname="ViewUtils Scroller Shadows" name="should fully reveal the shadow at the bottommost scroll position" time="0.002">
        
      </testcase>
    
  </testsuite>

  <testsuite name="ViewUtils getFileEntryDisplay" errors="0" tests="3" failures="0" time="0.004" timestamp="2014-10-01T18:09:55.368Z">
    
      <testcase assertions="1" classname="ViewUtils getFileEntryDisplay" name="should do nothing if there&#x27;s no extension" time="0.001">
        
      </testcase>
    
      <testcase assertions="1" classname="ViewUtils getFileEntryDisplay" name="should add markup for the file extension" time="0">
        
      </testcase>
    
      <testcase assertions="1" classname="ViewUtils getFileEntryDisplay" name="should not mark up dot files as being an extension" time="0">
        
      </testcase>
    
  </testsuite>

</testsuites>